<?xml version="1.0" encoding="UTF-8"?>
<!-- Generated by org.testng.reporters.JUnitReportReporter -->
<testsuite skipped="0" hostname="RENJUPC" name="com.renju.training.testng.SampleSeleniumTest" tests="1" failures="0" timestamp="07 Oct 2018 09:49:12 GMT" time="52.803" errors="0">
  <testcase name="validateGoogleId" time="52.803" classname="com.renju.training.testng.SampleSeleniumTest"/>
</testsuite> <!-- com.renju.training.testng.SampleSeleniumTest -->
