<?xml version="1.0" encoding="UTF-8"?>
<!-- Generated by org.testng.reporters.JUnitReportReporter -->
<testsuite skipped="0" hostname="RENJUPC" name="com.renju.training.testng.CalcTest" tests="2" failures="0" timestamp="07 Oct 2018 09:49:12 GMT" time="0.049" errors="0">
  <testcase name="addTest" time="0.049" classname="com.renju.training.testng.CalcTest"/>
  <testcase name="subtractTest" time="0.000" classname="com.renju.training.testng.CalcTest"/>
</testsuite> <!-- com.renju.training.testng.CalcTest -->
